<?xml version="1.0" encoding="UTF-8"?>
<!-- Generated by org.testng.reporters.JUnitReportReporter -->
<testsuite skipped="0" hostname="mtonet1" name="RegionsTests" tests="5" failures="0" timestamp="15 May 2018 07:13:36 GMT" time="33.146" errors="0">
  <testcase name="regionAlreadyExists" time="5.692" classname="RegionsTests"/>
  <testcase name="addNewRegion" time="5.984" classname="RegionsTests"/>
  <testcase name="invalidDescriptionAdd" time="3.522" classname="RegionsTests"/>
  <testcase name="cancelEditing" time="9.764" classname="RegionsTests"/>
  <testcase name="editRegion" time="8.184" classname="RegionsTests"/>
</testsuite> <!-- RegionsTests -->
