<?xml version="1.0" encoding="UTF-8"?>
<!-- Generated by org.testng.reporters.JUnitReportReporter -->
<testsuite skipped="0" hostname="mtonet1" name="UserLoginTests" tests="2" failures="0" timestamp="19 Jan 2018 11:47:32 GMT" time="63.231" errors="0">
  <testcase name="validLoginTest" time="63.219" classname="UserLoginTests"/>
  <testcase name="validDomainLoginTest" time="0.012" classname="UserLoginTests"/>
</testsuite> <!-- UserLoginTests -->
