<?xml version="1.0" encoding="UTF-8"?>
<!-- Generated by org.testng.reporters.JUnitReportReporter -->
<testsuite skipped="0" hostname="mtonet1" name="RegionsTests" tests="2" failures="0" timestamp="22 Jan 2018 09:41:50 GMT" time="10.849" errors="0">
  <testcase name="editRegion" time="7.018" classname="RegionsTests"/>
  <testcase name="addNewRegion" time="3.831" classname="RegionsTests"/>
</testsuite> <!-- RegionsTests -->
