<?xml version="1.0" encoding="UTF-8"?>
<!-- Generated by org.testng.reporters.JUnitReportReporter -->
<testsuite skipped="0" hostname="mtonet1" name="TellerTransactions.BuildBagsTests" tests="1" failures="0" timestamp="15 Jul 2018 15:09:59 GMT" time="39.608" errors="0">
  <testcase name="verifyBagCheckedOut" time="39.608" classname="TellerTransactions.BuildBagsTests"/>
</testsuite> <!-- TellerTransactions.BuildBagsTests -->
