<?xml version="1.0" encoding="UTF-8"?>
<!-- Generated by org.testng.reporters.JUnitReportReporter -->
<testsuite skipped="0" hostname="mtonet1" name="SalesRepsTests" tests="1" failures="0" timestamp="12 May 2018 11:03:59 GMT" time="11.061" errors="0">
  <testcase name="editRegion" time="11.061" classname="SalesRepsTests"/>
</testsuite> <!-- SalesRepsTests -->
