<?xml version="1.0" encoding="UTF-8"?>
<!-- Generated by org.testng.reporters.JUnitReportReporter -->
<testsuite skipped="0" hostname="mtonet1" name="Maintenance.TaxSchedulesTests" tests="5" failures="0" timestamp="21 Sep 2018 08:50:41 GMT" time="27.499" errors="0">
  <testcase name="invalidDescriptionAdd" time="3.560" classname="Maintenance.TaxSchedulesTests"/>
  <testcase name="addNewTaxSchedule" time="5.877" classname="Maintenance.TaxSchedulesTests"/>
  <testcase name="editTaxSchedule" time="7.824" classname="Maintenance.TaxSchedulesTests"/>
  <testcase name="noTaxCodesAdded" time="3.664" classname="Maintenance.TaxSchedulesTests"/>
  <testcase name="cancelEditing" time="6.574" classname="Maintenance.TaxSchedulesTests"/>
</testsuite> <!-- Maintenance.TaxSchedulesTests -->
