<?xml version="1.0" encoding="UTF-8"?>
<!-- Generated by org.testng.reporters.JUnitReportReporter -->
<testsuite skipped="0" hostname="mtonet1" name="RegistersTest" tests="5" failures="0" timestamp="12 Apr 2018 13:04:15 GMT" time="25.427" errors="0">
  <testcase name="registerAlreadyExists" time="6.079" classname="RegistersTest"/>
  <testcase name="editRegister" time="6.392" classname="RegistersTest"/>
  <testcase name="cancelEditing" time="6.000" classname="RegistersTest"/>
  <testcase name="invalidDescriptionAdd" time="3.396" classname="RegistersTest"/>
  <testcase name="addNewRegister" time="3.560" classname="RegistersTest"/>
</testsuite> <!-- RegistersTest -->
