<?xml version="1.0" encoding="UTF-8"?>
<!-- Generated by org.testng.reporters.JUnitReportReporter -->
<testsuite skipped="0" hostname="mtonet1" name="TellerTransactions.WeatherEntryTest" tests="3" failures="0" timestamp="10 Jul 2018 05:56:29 GMT" time="6.754" errors="0">
  <testcase name="EditWeather" time="5.248" classname="TellerTransactions.WeatherEntryTest"/>
  <testcase name="EditTemperature" time="1.220" classname="TellerTransactions.WeatherEntryTest"/>
  <testcase name="Exit" time="0.286" classname="TellerTransactions.WeatherEntryTest"/>
</testsuite> <!-- TellerTransactions.WeatherEntryTest -->
