<?xml version="1.0" encoding="UTF-8"?>
<!-- Generated by org.testng.reporters.JUnitReportReporter -->
<testsuite skipped="0" hostname="mtonet1" name="Maintenance.TicketCategoriesTests" tests="3" failures="0" timestamp="21 Sep 2018 08:54:38 GMT" time="23.412" errors="0">
  <testcase name="checkEditingAttendanceAccount" time="8.010" classname="Maintenance.TicketCategoriesTests"/>
  <testcase name="checkEditingRevenueAccount" time="7.392" classname="Maintenance.TicketCategoriesTests"/>
  <testcase name="cancelEditing" time="8.010" classname="Maintenance.TicketCategoriesTests"/>
</testsuite> <!-- Maintenance.TicketCategoriesTests -->
