<?xml version="1.0" encoding="UTF-8"?>
<!-- Generated by org.testng.reporters.JUnitReportReporter -->
<testsuite skipped="0" hostname="mtonet1" name="TellerTransactions.BagUsageTests" tests="3" failures="0" timestamp="24 Sep 2018 09:36:04 GMT" time="337.475" errors="0">
  <testcase name="verifyReturnBags" time="108.500" classname="TellerTransactions.BagUsageTests"/>
  <testcase name="verifyEditAndSave" time="115.361" classname="TellerTransactions.BagUsageTests"/>
  <testcase name="verifyCancelEditing" time="113.614" classname="TellerTransactions.BagUsageTests"/>
</testsuite> <!-- TellerTransactions.BagUsageTests -->
