<?xml version="1.0" encoding="UTF-8"?>
<!-- Generated by org.testng.reporters.JUnitReportReporter -->
<testsuite skipped="0" hostname="mtonet1" name="TicketAccumulatorTests" tests="2" failures="0" timestamp="13 May 2018 10:32:20 GMT" time="12.162" errors="0">
  <testcase name="regionAlreadyExists" time="7.884" classname="TicketAccumulatorTests"/>
  <testcase name="invalidDescriptionAdd" time="4.278" classname="TicketAccumulatorTests"/>
</testsuite> <!-- TicketAccumulatorTests -->
