<?xml version="1.0" encoding="UTF-8"?>
<!-- Generated by org.testng.reporters.JUnitReportReporter -->
<testsuite skipped="0" hostname="mtonet1" name="Maintenance.LocationsTest" tests="8" failures="0" timestamp="03 Oct 2018 06:40:57 GMT" time="141.756" errors="0">
  <testcase name="AddAC" time="29.501" classname="Maintenance.LocationsTest"/>
  <testcase name="EditAc" time="28.323" classname="Maintenance.LocationsTest"/>
  <testcase name="RemoveAC" time="9.485" classname="Maintenance.LocationsTest"/>
  <testcase name="SelectLocationCode" time="2.435" classname="Maintenance.LocationsTest"/>
  <testcase name="SaveMultipleSalesDesignations" time="10.381" classname="Maintenance.LocationsTest"/>
  <testcase name="MoveToTop" time="10.529" classname="Maintenance.LocationsTest"/>
  <testcase name="SameACDifferentSalesCategory" time="38.594" classname="Maintenance.LocationsTest"/>
  <testcase name="DisableLocationActive" time="12.508" classname="Maintenance.LocationsTest"/>
</testsuite> <!-- Maintenance.LocationsTest -->
