<?xml version="1.0" encoding="UTF-8"?>
<!-- Generated by org.testng.reporters.JUnitReportReporter -->
<testsuite skipped="0" hostname="mtonet1" name="TicketCategoriesTests" tests="3" failures="0" timestamp="13 May 2018 06:32:07 GMT" time="26.573" errors="0">
  <testcase name="cancelEditing" time="7.882" classname="TicketCategoriesTests"/>
  <testcase name="checkEditingRevenueAccount" time="9.495" classname="TicketCategoriesTests"/>
  <testcase name="checkEditingAttendanceAccount" time="9.196" classname="TicketCategoriesTests"/>
</testsuite> <!-- TicketCategoriesTests -->
