<?xml version="1.0" encoding="UTF-8"?>
<!-- Generated by org.testng.reporters.JUnitReportReporter -->
<testsuite skipped="0" hostname="mtonet1" name="Maintenance.TicketRebatesTests" tests="5" failures="0" timestamp="21 Sep 2018 09:24:39 GMT" time="353.215" errors="0">
  <testcase name="addNewRebate" time="155.739" classname="Maintenance.TicketRebatesTests"/>
  <testcase name="invalidDescriptionAdd" time="3.490" classname="Maintenance.TicketRebatesTests"/>
  <testcase name="editRebate" time="175.890" classname="Maintenance.TicketRebatesTests"/>
  <testcase name="cancelEditingRebate" time="11.352" classname="Maintenance.TicketRebatesTests"/>
  <testcase name="checkGLAccountIsRequired" time="6.744" classname="Maintenance.TicketRebatesTests"/>
</testsuite> <!-- Maintenance.TicketRebatesTests -->
