<?xml version="1.0" encoding="UTF-8"?>
<!-- Generated by org.testng.reporters.JUnitReportReporter -->
<testsuite skipped="0" hostname="mtonet1" name="ValidValuesTests" tests="2" failures="0" timestamp="12 Apr 2018 13:17:33 GMT" time="15.598" errors="0">
  <testcase name="editActivityType" time="7.596" classname="ValidValuesTests"/>
  <testcase name="addBagTime" time="8.002" classname="ValidValuesTests"/>
</testsuite> <!-- ValidValuesTests -->
