<?xml version="1.0" encoding="UTF-8"?>
<!-- Generated by org.testng.reporters.JUnitReportReporter -->
<testsuite skipped="0" hostname="mtonet1" name="Maintenance.OperatingCalendarTests" tests="4" failures="0" timestamp="24 May 2018 10:51:11 GMT" time="16.029" errors="0">
  <testcase name="editCCDay" time="6.358" classname="Maintenance.OperatingCalendarTests"/>
  <testcase name="editandCancelCCDay" time="3.176" classname="Maintenance.OperatingCalendarTests"/>
  <testcase name="cannotDeleteDate" time="3.044" classname="Maintenance.OperatingCalendarTests"/>
  <testcase name="ccDayAlreadyExists" time="3.451" classname="Maintenance.OperatingCalendarTests"/>
</testsuite> <!-- Maintenance.OperatingCalendarTests -->
