<?xml version="1.0" encoding="UTF-8"?>
<!-- Generated by org.testng.reporters.JUnitReportReporter -->
<testsuite skipped="0" hostname="mtonet1" name="UserLoginTests" tests="2" failures="0" timestamp="06 Feb 2018 08:46:01 GMT" time="32.533" errors="0">
  <testcase name="validDomainLoginTest" time="0.010" classname="UserLoginTests"/>
  <testcase name="validLoginTest" time="32.523" classname="UserLoginTests"/>
</testsuite> <!-- UserLoginTests -->
