<?xml version="1.0" encoding="UTF-8"?>
<!-- Generated by org.testng.reporters.JUnitReportReporter -->
<testsuite skipped="0" hostname="mtonet1" name="TicketGroupsTests" tests="5" failures="0" timestamp="13 May 2018 09:58:47 GMT" time="33.266" errors="0">
  <testcase name="invalidDescriptionAdd" time="3.380" classname="TicketGroupsTests"/>
  <testcase name="addNewRegion" time="5.793" classname="TicketGroupsTests"/>
  <testcase name="cancelEditing" time="8.452" classname="TicketGroupsTests"/>
  <testcase name="editRegion" time="7.895" classname="TicketGroupsTests"/>
  <testcase name="regionAlreadyExists" time="7.746" classname="TicketGroupsTests"/>
</testsuite> <!-- TicketGroupsTests -->
