<?xml version="1.0" encoding="UTF-8"?>
<!-- Generated by org.testng.reporters.JUnitReportReporter -->
<testsuite skipped="0" hostname="mtonet1" name="EODTransactions.CloseOrReopenCCDayTest" tests="5" failures="0" timestamp="18 Jul 2018 09:50:44 GMT" time="38.911" errors="0">
  <testcase name="getDaysBetweenDatesForCreateJournal" time="5.809" classname="EODTransactions.CloseOrReopenCCDayTest"/>
  <testcase name="VerifyDateStatus" time="9.863" classname="EODTransactions.CloseOrReopenCCDayTest"/>
  <testcase name="EnableWeatherEntryandCloseCCDay" time="2.526" classname="EODTransactions.CloseOrReopenCCDayTest"/>
  <testcase name="GenerateJournalFile" time="4.728" classname="EODTransactions.CloseOrReopenCCDayTest"/>
  <testcase name="VerifyReopenDate" time="15.985" classname="EODTransactions.CloseOrReopenCCDayTest"/>
</testsuite> <!-- EODTransactions.CloseOrReopenCCDayTest -->
