<?xml version="1.0" encoding="UTF-8"?>
<!-- Generated by org.testng.reporters.JUnitReportReporter -->
<testsuite skipped="0" hostname="mtonet1" name="Maintenance.TicketClassesTests" tests="3" failures="0" timestamp="21 Sep 2018 08:58:04 GMT" time="22.753" errors="0">
  <testcase name="cancelEditing" time="7.565" classname="Maintenance.TicketClassesTests"/>
  <testcase name="checkEditingAttendanceAccount" time="7.073" classname="Maintenance.TicketClassesTests"/>
  <testcase name="checkEditingRevenueAccount" time="8.115" classname="Maintenance.TicketClassesTests"/>
</testsuite> <!-- Maintenance.TicketClassesTests -->
