<?xml version="1.0" encoding="UTF-8"?>
<!-- Generated by org.testng.reporters.JUnitReportReporter -->
<testsuite skipped="0" hostname="mtonet1" name="TellerTransactions.TenderEntryTest" tests="3" failures="0" timestamp="25 Sep 2018 07:17:38 GMT" time="56.909" errors="0">
  <testcase name="VerifyCheckInDate" time="8.181" classname="TellerTransactions.TenderEntryTest"/>
  <testcase name="EditAndVerifyAmountForTenderEntry" time="42.878" classname="TellerTransactions.TenderEntryTest"/>
  <testcase name="VerifyEmptyBag" time="5.850" classname="TellerTransactions.TenderEntryTest"/>
</testsuite> <!-- TellerTransactions.TenderEntryTest -->
