<?xml version="1.0" encoding="UTF-8"?>
<!-- Generated by org.testng.reporters.JUnitReportReporter -->
<testsuite skipped="0" hostname="mtonet1" name="Maintenance.EmployeesTests" tests="1" failures="0" timestamp="21 Sep 2018 08:14:13 GMT" time="54.030" errors="0">
  <testcase name="editEmployee" time="54.030" classname="Maintenance.EmployeesTests"/>
</testsuite> <!-- Maintenance.EmployeesTests -->
