<?xml version="1.0" encoding="UTF-8"?>
<!-- Generated by org.testng.reporters.JUnitReportReporter -->
<testsuite skipped="0" hostname="mtonet1" name="TaxCodesTest" tests="5" failures="0" timestamp="12 Apr 2018 13:14:17 GMT" time="32.749" errors="0">
  <testcase name="addNewRegion" time="5.847" classname="TaxCodesTest"/>
  <testcase name="editRegion" time="8.687" classname="TaxCodesTest"/>
  <testcase name="cancelEditing" time="7.488" classname="TaxCodesTest"/>
  <testcase name="regionAlreadyExists" time="7.238" classname="TaxCodesTest"/>
  <testcase name="invalidDescriptionAdd" time="3.489" classname="TaxCodesTest"/>
</testsuite> <!-- TaxCodesTest -->
