<?xml version="1.0" encoding="UTF-8"?>
<!-- Generated by org.testng.reporters.JUnitReportReporter -->
<testsuite skipped="0" hostname="mtonet1" name="TellerTransactions.WeatherEntryTests" tests="3" failures="0" timestamp="24 May 2018 07:41:08 GMT" time="4.374" errors="0">
  <testcase name="EditWeather" time="3.002" classname="TellerTransactions.WeatherEntryTests"/>
  <testcase name="EditTemperature" time="0.997" classname="TellerTransactions.WeatherEntryTests"/>
  <testcase name="Exit" time="0.375" classname="TellerTransactions.WeatherEntryTests"/>
</testsuite> <!-- TellerTransactions.WeatherEntryTests -->
