<?xml version="1.0" encoding="UTF-8"?>
<!-- Generated by org.testng.reporters.JUnitReportReporter -->
<testsuite skipped="0" hostname="mtonet1" name="TellerTransactions.SalesEntryTests" tests="3" failures="0" timestamp="03 Oct 2018 09:28:38 GMT" time="115.701" errors="0">
  <testcase name="VerifyCalculations" time="59.480" classname="TellerTransactions.SalesEntryTests"/>
  <testcase name="AddNewToExistingEntries" time="39.949" classname="TellerTransactions.SalesEntryTests"/>
  <testcase name="EditToExistingEntries" time="16.272" classname="TellerTransactions.SalesEntryTests"/>
</testsuite> <!-- TellerTransactions.SalesEntryTests -->
