<?xml version="1.0" encoding="UTF-8"?>
<!-- Generated by org.testng.reporters.JUnitReportReporter -->
<testsuite skipped="0" hostname="mtonet1" name="TellerTransactions.BuildBagsTests" tests="1" failures="0" timestamp="24 Sep 2018 12:16:05 GMT" time="5.258" errors="0">
  <testcase name="verifyBagMadeEmpty" time="5.258" classname="TellerTransactions.BuildBagsTests"/>
</testsuite> <!-- TellerTransactions.BuildBagsTests -->
