<?xml version="1.0" encoding="UTF-8"?>
<!-- Generated by org.testng.reporters.JUnitReportReporter -->
<testsuite skipped="0" hostname="mtonet1" name="Maintenance.BagTypeTests" tests="7" failures="0" timestamp="24 Sep 2018 05:55:46 GMT" time="39.810" errors="0">
  <testcase name="AddBagTypeDetails" time="6.990" classname="Maintenance.BagTypeTests"/>
  <testcase name="VerifyBagValue" time="1.189" classname="Maintenance.BagTypeTests"/>
  <testcase name="CreateBagId" time="16.920" classname="Maintenance.BagTypeTests"/>
  <testcase name="AddNewBagTypeDesc" time="3.310" classname="Maintenance.BagTypeTests"/>
  <testcase name="EditBagTypeDescription" time="2.148" classname="Maintenance.BagTypeTests"/>
  <testcase name="DeleteBagTypeDescription" time="0.836" classname="Maintenance.BagTypeTests"/>
  <testcase name="DeleteBagTypeDetails" time="8.417" classname="Maintenance.BagTypeTests"/>
</testsuite> <!-- Maintenance.BagTypeTests -->
