<?xml version="1.0" encoding="UTF-8"?>
<!-- Generated by org.testng.reporters.JUnitReportReporter -->
<testsuite skipped="0" hostname="mtonet1" name="TellerTransactions.CheckoutBagsTests" tests="3" failures="0" timestamp="24 Sep 2018 07:42:57 GMT" time="284.080" errors="0">
  <testcase name="verifyCheckoutForSystemBags" time="85.739" classname="TellerTransactions.CheckoutBagsTests"/>
  <testcase name="verifyCheckoutWithRecentLocation" time="96.300" classname="TellerTransactions.CheckoutBagsTests"/>
  <testcase name="verifyMultipleBagsCheckout" time="102.041" classname="TellerTransactions.CheckoutBagsTests"/>
</testsuite> <!-- TellerTransactions.CheckoutBagsTests -->
