<?xml version="1.0" encoding="UTF-8"?>
<!-- Generated by org.testng.reporters.JUnitReportReporter -->
<testsuite skipped="0" hostname="mtonet1" name="BagTypeTests" tests="7" failures="0" timestamp="14 May 2018 11:43:56 GMT" time="40.289" errors="0">
  <testcase name="AddBagTypeDetails" time="6.209" classname="BagTypeTests"/>
  <testcase name="VerifyBagValue" time="1.469" classname="BagTypeTests"/>
  <testcase name="CreateBagId" time="15.260" classname="BagTypeTests"/>
  <testcase name="AddNewBagTypeDesc" time="5.337" classname="BagTypeTests"/>
  <testcase name="EditBagTypeDescription" time="4.365" classname="BagTypeTests"/>
  <testcase name="DeleteBagTypeDescription" time="0.890" classname="BagTypeTests"/>
  <testcase name="DeleteBagTypeDetails" time="6.759" classname="BagTypeTests"/>
</testsuite> <!-- BagTypeTests -->
