<?xml version="1.0" encoding="UTF-8"?>
<!-- Generated by org.testng.reporters.JUnitReportReporter -->
<testsuite skipped="0" hostname="mtonet1" name="Maintenance.GLAccountsTests" tests="1" failures="0" timestamp="23 Sep 2018 17:34:12 GMT" time="4.775" errors="0">
  <testcase name="viewDepartment" time="4.775" classname="Maintenance.GLAccountsTests"/>
</testsuite> <!-- Maintenance.GLAccountsTests -->
