<?xml version="1.0" encoding="UTF-8"?>
<!-- Generated by org.testng.reporters.JUnitReportReporter -->
<testsuite skipped="0" hostname="mtonet1" name="Maintenance.LocationsTest" tests="8" failures="0" timestamp="23 Sep 2018 19:07:41 GMT" time="42.732" errors="0">
  <testcase name="SelectLocationCode" time="5.366" classname="Maintenance.LocationsTest"/>
  <testcase name="AddAC" time="5.748" classname="Maintenance.LocationsTest"/>
  <testcase name="EditAc" time="5.068" classname="Maintenance.LocationsTest"/>
  <testcase name="SaveMultipleSalesDesignations" time="10.558" classname="Maintenance.LocationsTest"/>
  <testcase name="RemoveAC" time="3.733" classname="Maintenance.LocationsTest"/>
  <testcase name="MoveToTop" time="2.271" classname="Maintenance.LocationsTest"/>
  <testcase name="DisableLocationActive" time="1.068" classname="Maintenance.LocationsTest"/>
  <testcase name="SameACDifferentSalesCategory" time="8.920" classname="Maintenance.LocationsTest"/>
</testsuite> <!-- Maintenance.LocationsTest -->
