<?xml version="1.0" encoding="UTF-8"?>
<!-- Generated by org.testng.reporters.JUnitReportReporter -->
<testsuite skipped="0" hostname="mtonet1" name="TellerTransactions.AttendanceEntryTest" tests="5" failures="0" timestamp="25 Sep 2018 07:43:54 GMT" time="103.628" errors="0">
  <testcase name="AddNewAttendanceAndVerifyCalculations" time="21.998" classname="TellerTransactions.AttendanceEntryTest"/>
  <testcase name="RemovePLUFromGrid" time="1.730" classname="TellerTransactions.AttendanceEntryTest"/>
  <testcase name="DeleteAttendanceBatch" time="1.960" classname="TellerTransactions.AttendanceEntryTest"/>
  <testcase name="VerifySpecialEvent" time="14.400" classname="TellerTransactions.AttendanceEntryTest"/>
  <testcase name="EntryModeAll" time="63.540" classname="TellerTransactions.AttendanceEntryTest"/>
</testsuite> <!-- TellerTransactions.AttendanceEntryTest -->
