<?xml version="1.0" encoding="UTF-8"?>
<!-- Generated by org.testng.reporters.JUnitReportReporter -->
<testsuite skipped="0" hostname="mtonet1" name="Maintenance.PLUTests" tests="1" failures="0" timestamp="04 Sep 2018 09:28:03 GMT" time="21.517" errors="0">
  <testcase name="verifyPerTicketValues" time="21.517" classname="Maintenance.PLUTests"/>
</testsuite> <!-- Maintenance.PLUTests -->
