<?xml version="1.0" encoding="UTF-8"?>
<!-- Generated by org.testng.reporters.JUnitReportReporter -->
<testsuite skipped="0" hostname="mtonet1" name="EODTransactions.DepositEntryTests" tests="4" failures="0" timestamp="23 Sep 2018 19:40:55 GMT" time="62.205" errors="0">
  <testcase name="AddEntry" time="15.402" classname="EODTransactions.DepositEntryTests"/>
  <testcase name="VerifyCalculations" time="13.796" classname="EODTransactions.DepositEntryTests"/>
  <testcase name="VerifyExistingEntries" time="23.563" classname="EODTransactions.DepositEntryTests"/>
  <testcase name="EditAndVerifyAmountForDepositEntry" time="9.444" classname="EODTransactions.DepositEntryTests"/>
</testsuite> <!-- EODTransactions.DepositEntryTests -->
