<?xml version="1.0" encoding="UTF-8"?>
<!-- Generated by org.testng.reporters.JUnitReportReporter -->
<testsuite skipped="0" hostname="mtonet1" name="TicketClassesTests" tests="3" failures="0" timestamp="13 May 2018 06:44:45 GMT" time="29.801" errors="0">
  <testcase name="checkEditingRevenueAccount" time="10.864" classname="TicketClassesTests"/>
  <testcase name="checkEditingAttendanceAccount" time="7.967" classname="TicketClassesTests"/>
  <testcase name="cancelEditing" time="10.970" classname="TicketClassesTests"/>
</testsuite> <!-- TicketClassesTests -->
